<?xml version="1.0" encoding="UTF-8"?>
<!-- Generated by org.testng.reporters.JUnitXMLReporter -->
<testsuite hostname="Firat-Aras-MacBook-Air.local" name="p2 Test" tests="2" failures="1" timestamp="13 Jun 2016 09:24:21 GMT" time="0.042" errors="0">
  <testcase name="WarningPage" time="0.005" classname="com.argela.test.WirofonAutoTesting">
    <failure type="org.openqa.selenium.remote.SessionNotFoundException" message="Session ID is null. Using WebDriver after calling quit()?
Build info: version: &amp;apos;2.46.0&amp;apos;, revision: &amp;apos;61506a4624b13675f24581e453592342b7485d71&amp;apos;, time: &amp;apos;2015-06-04 10:22:50&amp;apos;
System info: host: &amp;apos;Firat-Aras-MacBook-Air.local&amp;apos;, ip: &amp;apos;192.168.56.1&amp;apos;, os.name: &amp;apos;Mac OS X&amp;apos;, os.arch: &amp;apos;x86_64&amp;apos;, os.version: &amp;apos;10.11.5&amp;apos;, java.version: &amp;apos;1.7.0_45&amp;apos;
Driver info: driver.version: IOSDriver">
      <![CDATA[org.openqa.selenium.remote.SessionNotFoundException: Session ID is null. Using WebDriver after calling quit()?
Build info: version: '2.46.0', revision: '61506a4624b13675f24581e453592342b7485d71', time: '2015-06-04 10:22:50'
System info: host: 'Firat-Aras-MacBook-Air.local', ip: '192.168.56.1', os.name: 'Mac OS X', os.arch: 'x86_64', os.version: '10.11.5', java.version: '1.7.0_45'
Driver info: driver.version: IOSDriver
	at org.openqa.selenium.remote.HttpCommandExecutor.execute(HttpCommandExecutor.java:126)
	at org.openqa.selenium.remote.RemoteWebDriver.execute(RemoteWebDriver.java:578)
	at io.appium.java_client.DefaultGenericMobileDriver.execute(DefaultGenericMobileDriver.java:27)
	at io.appium.java_client.AppiumDriver.execute(AppiumDriver.java:1)
	at io.appium.java_client.ios.IOSDriver.execute(IOSDriver.java:1)
	at org.openqa.selenium.remote.RemoteWebDriver.findElement(RemoteWebDriver.java:358)
	at org.openqa.selenium.remote.RemoteWebDriver.findElementByXPath(RemoteWebDriver.java:455)
	at io.appium.java_client.DefaultGenericMobileDriver.findElementByXPath(DefaultGenericMobileDriver.java:99)
	at io.appium.java_client.AppiumDriver.findElementByXPath(AppiumDriver.java:1)
	at io.appium.java_client.ios.IOSDriver.findElementByXPath(IOSDriver.java:1)
	at AppUtil.BasicFunctions.clickByXpath(BasicFunctions.java:15)
	at com.argela.test.WirofonAutoTesting.WarningPage(WirofonAutoTesting.java:25)
... Removed 25 stack frames]]>
    </failure>
  </testcase> <!-- WarningPage -->
  <testcase name="Giris" time="0.0" classname="com.argela.test.WirofonAutoTesting">
    <skipped/>
  </testcase> <!-- Giris -->
</testsuite> <!-- p2 Test -->
